2    [main] WARN  com.sonal.controller.CustomerController  - Sample warn message in CustomerController
2    [main] ERROR com.sonal.controller.CustomerController  - Sample error message in CustomerController
3    [main] FATAL com.sonal.controller.CustomerController  - Sample fatal message in CustomerController
4    [main] WARN  com.sonal.services.facade.Facade  - Sample warn message in Facade
4    [main] ERROR com.sonal.services.facade.Facade  - Sample error message in Facade
5    [main] FATAL com.sonal.services.facade.Facade  - Sample fatal message in Facade
6    [main] WARN  com.sonal.services.localservices.CustomerServiceLocal  - Sample warn message in CustomerServiceLocal
6    [main] ERROR com.sonal.services.localservices.CustomerServiceLocal  - Sample error message in CustomerServiceLocal
7    [main] FATAL com.sonal.services.localservices.CustomerServiceLocal  - Sample fatal message in CustomerServiceLocal
8    [main] WARN  com.sonal.dao.CustomerDAO  - Sample warn message in CutomerDAO
8    [main] ERROR com.sonal.dao.CustomerDAO  - Sample error message in CutomerDAO
8    [main] FATAL com.sonal.dao.CustomerDAO  - Sample fatal message in CutomerDAO
10   [main] WARN  com.sonal.services.remoteservices.CustomerWebService  - Sample warn message in CustomerWebService
10   [main] ERROR com.sonal.services.remoteservices.CustomerWebService  - Sample error message in CustomerWebService
10   [main] FATAL com.sonal.services.remoteservices.CustomerWebService  - Sample fatal message in CustomerWebService
11   [main] WARN  com.sonal.services.mqservices.CustomerMQService  - Sample warn message in MQService
12   [main] ERROR com.sonal.services.mqservices.CustomerMQService  - Sample error message in MQService
12   [main] FATAL com.sonal.services.mqservices.CustomerMQService  - Sample fatal message in MQService
12   [main] WARN  com.sonal.services.remoteservices.CustomerWebService  - Sample warn message in CustomerWebService
12   [main] ERROR com.sonal.services.remoteservices.CustomerWebService  - Sample error message in CustomerWebService
12   [main] FATAL com.sonal.services.remoteservices.CustomerWebService  - Sample fatal message in CustomerWebService
0    [main] WARN  com.sonal.controller.CustomerController  - Sample warn message in CustomerController
0    [main] ERROR com.sonal.controller.CustomerController  - Sample error message in CustomerController
0    [main] FATAL com.sonal.controller.CustomerController  - Sample fatal message in CustomerController
16   [main] WARN  com.sonal.services.facade.Facade  - Sample warn message in Facade
16   [main] ERROR com.sonal.services.facade.Facade  - Sample error message in Facade
16   [main] FATAL com.sonal.services.facade.Facade  - Sample fatal message in Facade
16   [main] WARN  com.sonal.services.localservices.CustomerServiceLocal  - Sample warn message in CustomerServiceLocal
16   [main] ERROR com.sonal.services.localservices.CustomerServiceLocal  - Sample error message in CustomerServiceLocal
16   [main] FATAL com.sonal.services.localservices.CustomerServiceLocal  - Sample fatal message in CustomerServiceLocal
16   [main] WARN  com.sonal.dao.CustomerDAO  - Sample warn message in CutomerDAO
16   [main] ERROR com.sonal.dao.CustomerDAO  - Sample error message in CutomerDAO
16   [main] FATAL com.sonal.dao.CustomerDAO  - Sample fatal message in CutomerDAO
16   [main] WARN  com.sonal.services.remoteservices.CustomerWebService  - Sample warn message in CustomerWebService
16   [main] ERROR com.sonal.services.remoteservices.CustomerWebService  - Sample error message in CustomerWebService
16   [main] FATAL com.sonal.services.remoteservices.CustomerWebService  - Sample fatal message in CustomerWebService
16   [main] WARN  com.sonal.services.mqservices.CustomerMQService  - Sample warn message in MQService
16   [main] ERROR com.sonal.services.mqservices.CustomerMQService  - Sample error message in MQService
16   [main] FATAL com.sonal.services.mqservices.CustomerMQService  - Sample fatal message in MQService
16   [main] WARN  com.sonal.services.remoteservices.CustomerWebService  - Sample warn message in CustomerWebService
16   [main] ERROR com.sonal.services.remoteservices.CustomerWebService  - Sample error message in CustomerWebService
16   [main] FATAL com.sonal.services.remoteservices.CustomerWebService  - Sample fatal message in CustomerWebService
